2025-09-19 16:16:24.756 | main | INFO | io.prometheus.jmx.JavaAgent | Starting ...
2025-09-19 16:16:24.889 | main | INFO | io.prometheus.jmx.JavaAgent | HTTP enabled [true]
2025-09-19 16:16:24.889 | main | INFO | io.prometheus.jmx.JavaAgent | HTTP host:port [0.0.0.0:9404]
2025-09-19 16:16:24.890 | main | INFO | io.prometheus.jmx.JavaAgent | Starting HTTPServer ...
2025-09-19 16:16:24.926 | main | INFO | io.prometheus.jmx.JavaAgent | HTTPServer started
2025-09-19 16:16:24.926 | main | INFO | io.prometheus.jmx.JavaAgent | OpenTelemetry enabled [false]
2025-09-19 16:16:24.926 | main | INFO | io.prometheus.jmx.JavaAgent | Running ...


              |\      _,,,--,,_
             /,`.-'`'   ._  \-;;,_
  _______ __|,4-  ) )_   .;.(__`'-'__     ___ __    _ ___ _______
 |       | '---''(_/._)-'(_\_)   |   |   |   |  |  | |   |       |
 |    _  |    ___|_     _|       |   |   |   |   |_| |   |       | __ _ _
 |   |_| |   |___  |   | |       |   |   |   |       |   |       | \ \ \ \
 |    ___|    ___| |   | |      _|   |___|   |  _    |   |      _|  \ \ \ \
 |   |   |   |___  |   | |     |_|       |   | | |   |   |     |_    ) ) ) )
 |___|   |_______| |___| |_______|_______|___|_|  |__|___|_______|  / / / /
 ==================================================================/_/_/_/

:: Built with Spring Boot :: 3.5.0


2025-09-19T16:16:25.500Z  INFO 7 --- [           main] o.s.s.petclinic.PetClinicApplication     : Starting PetClinicApplication v3.5.0-SNAPSHOT using Java 17.0.16 with PID 7 (/app/spring-petclinic-3.5.0-SNAPSHOT.jar started by root in /app)
2025-09-19T16:16:25.502Z  INFO 7 --- [           main] o.s.s.petclinic.PetClinicApplication     : No active profile set, falling back to 1 default profile: "default"
2025-09-19T16:16:26.251Z  INFO 7 --- [           main] .s.d.r.c.RepositoryConfigurationDelegate : Bootstrapping Spring Data JPA repositories in DEFAULT mode.
2025-09-19T16:16:26.294Z  INFO 7 --- [           main] .s.d.r.c.RepositoryConfigurationDelegate : Finished Spring Data repository scanning in 36 ms. Found 3 JPA repository interfaces.
2025-09-19T16:16:26.705Z  INFO 7 --- [           main] o.s.b.w.embedded.tomcat.TomcatWebServer  : Tomcat initialized with port 8080 (http)
2025-09-19T16:16:26.714Z  INFO 7 --- [           main] o.apache.catalina.core.StandardService   : Starting service [Tomcat]
2025-09-19T16:16:26.714Z  INFO 7 --- [           main] o.apache.catalina.core.StandardEngine    : Starting Servlet engine: [Apache Tomcat/10.1.41]
2025-09-19T16:16:26.740Z  INFO 7 --- [           main] o.a.c.c.C.[Tomcat].[localhost].[/]       : Initializing Spring embedded WebApplicationContext
2025-09-19T16:16:26.741Z  INFO 7 --- [           main] w.s.c.ServletWebServerApplicationContext : Root WebApplicationContext: initialization completed in 1201 ms
2025-09-19T16:16:26.867Z  INFO 7 --- [           main] com.zaxxer.hikari.HikariDataSource       : HikariPool-1 - Starting...
2025-09-19T16:16:26.999Z  INFO 7 --- [           main] com.zaxxer.hikari.pool.HikariPool        : HikariPool-1 - Added connection conn0: url=jdbc:h2:mem:95c8aeb5-5944-4822-a8c0-cb8267619641 user=SA
2025-09-19T16:16:27.000Z  INFO 7 --- [           main] com.zaxxer.hikari.HikariDataSource       : HikariPool-1 - Start completed.
2025-09-19T16:16:27.090Z  INFO 7 --- [           main] o.hibernate.jpa.internal.util.LogHelper  : HHH000204: Processing PersistenceUnitInfo [name: default]
2025-09-19T16:16:27.129Z  INFO 7 --- [           main] org.hibernate.Version                    : HHH000412: Hibernate ORM core version 6.6.15.Final
2025-09-19T16:16:27.148Z  INFO 7 --- [           main] o.h.c.internal.RegionFactoryInitiator    : HHH000026: Second-level cache disabled
2025-09-19T16:16:27.312Z  INFO 7 --- [           main] o.s.o.j.p.SpringPersistenceUnitInfo      : No LoadTimeWeaver setup: ignoring JPA class transformer
2025-09-19T16:16:27.368Z  INFO 7 --- [           main] org.hibernate.orm.connections.pooling    : HHH10001005: Database info:
	Database JDBC URL [Connecting through datasource 'HikariDataSource (HikariPool-1)']
	Database driver: undefined/unknown
	Database version: 2.3.232
	Autocommit mode: undefined/unknown
	Isolation level: undefined/unknown
	Minimum pool size: undefined/unknown
	Maximum pool size: undefined/unknown
2025-09-19T16:16:27.976Z  INFO 7 --- [           main] o.h.e.t.j.p.i.JtaPlatformInitiator       : HHH000489: No JTA platform available (set 'hibernate.transaction.jta.platform' to enable JTA platform integration)
2025-09-19T16:16:27.977Z  INFO 7 --- [           main] j.LocalContainerEntityManagerFactoryBean : Initialized JPA EntityManagerFactory for persistence unit 'default'
2025-09-19T16:16:28.183Z  INFO 7 --- [           main] o.s.d.j.r.query.QueryEnhancerFactory     : Hibernate is in classpath; If applicable, HQL parser will be used.
2025-09-19T16:16:28.795Z  INFO 7 --- [           main] o.s.b.a.e.web.EndpointLinksResolver      : Exposing 13 endpoints beneath base path '/actuator'
2025-09-19T16:16:28.854Z  INFO 7 --- [           main] o.s.b.w.embedded.tomcat.TomcatWebServer  : Tomcat started on port 8080 (http) with context path '/'
2025-09-19T16:16:28.872Z  INFO 7 --- [           main] o.s.s.petclinic.PetClinicApplication     : Started PetClinicApplication in 3.707 seconds (process running for 4.29)
